<?xml version="1.0" encoding="UTF-8"?>
<robot generator="Robot 3.1.2 (Python 3.7.0 on win32)" generated="20211025 15:20:40.840" rpa="false">
<suite id="s1" name="Tc" source="E:\v3finance\tc">
<kw name="Run Keywords" library="BuiltIn" type="setup">
<doc>Executes all the given keywords in a sequence.</doc>
<arguments>
<arg>get_token</arg>
<arg>kh_test</arg>
<arg>123456</arg>
<arg>1</arg>
<arg>idName</arg>
<arg>AND</arg>
<arg>delete_basic_setting</arg>
<arg>basic_id=37</arg>
<arg>AND</arg>
<arg>delete_payment_list</arg>
<arg>AND</arg>
<arg>selected</arg>
<arg>SELECT id FROM finance_centeritem WHERE center_id=37;</arg>
<arg>idNumber1</arg>
<arg>AND</arg>
<arg>deleted</arg>
<arg>DELETE FROM finance_centerdiscount WHERE center_id=37;</arg>
<arg>AND</arg>
<arg>deleted_item_list</arg>
<arg>${idNumber1}</arg>
<arg>AND</arg>
<arg>deleted</arg>
<arg>DELETE FROM finance_centeritem WHERE center_id=37;</arg>
</arguments>
<kw name="Get Token" library="pylib.getToken">
<arguments>
<arg>kh_test</arg>
<arg>123456</arg>
<arg>1</arg>
<arg>idName</arg>
</arguments>
<msg timestamp="20211025 15:20:41.685" level="INFO">${idName} = eyJ0eXAiOiJKV1QiLCJhbGciOiJIUzI1NiJ9.eyJ0b2tlbl90eXBlIjoiYWNjZXNzIiwiZXhwIjoxNjM3NzM4NDQxLCJqdGkiOiI2MjZhMmUwYWE4MGE0YThkYjI3M2RmNWUzNDg5MzY0ZCIsInVzZXJfaWQiOjYxfQ.Psc7GoOFJTCRVdDPCddSZbD3LxVnHzPY0SfS...</msg>
<msg timestamp="20211025 15:20:41.686" level="INFO">d:\python\lib\site-packages\urllib3-1.25.3-py3.7.egg\urllib3\connectionpool.py:851: InsecureRequestWarning: Unverified HTTPS request is being made. Adding certificate verification is strongly advised. See: https://urllib3.readthedocs.io/en/latest/advanced-usage.html#ssl-warnings
  InsecureRequestWarning)</msg>
<status status="PASS" starttime="20211025 15:20:41.212" endtime="20211025 15:20:41.687"></status>
</kw>
<kw name="Delete Basic Setting" library="connect_sql.connectMysql">
<arguments>
<arg>basic_id=37</arg>
</arguments>
<status status="PASS" starttime="20211025 15:20:41.687" endtime="20211025 15:20:41.726"></status>
</kw>
<kw name="Delete Payment List" library="connect_sql.connectMysql">
<msg timestamp="20211025 15:20:41.907" level="INFO">({'id': 195},)
({'id': 349},)</msg>
<msg timestamp="20211025 15:20:41.914" level="FAIL">IntegrityError: (1451, 'Cannot delete or update a parent row: a foreign key constraint fails (`taidiiv3`.`finance_paymenttemplatesetting`, CONSTRAINT `finance_paymenttempl_template_id_3ead709d_fk_finance_p` FOREIGN KEY (`template_id`) REFERENCES `finance_paymenttemplate` (`id`))')</msg>
<status status="FAIL" starttime="20211025 15:20:41.727" endtime="20211025 15:20:41.914"></status>
</kw>
<status status="FAIL" starttime="20211025 15:20:41.211" endtime="20211025 15:20:41.914"></status>
</kw>
<suite id="s1-s1" name="Basic" source="E:\v3finance\tc\basic">
<suite id="s1-s1-s1" name="Basic Setting" source="E:\v3finance\tc\basic\basic_setting.robot">
<test id="s1-s1-s1-t1" name="编辑自动生成收费方案并提交 - tc0022">
<status status="FAIL" starttime="20211025 15:20:41.929" endtime="20211025 15:20:41.936" critical="yes">Parent suite setup failed:
IntegrityError: (1451, 'Cannot delete or update a parent row: a foreign key constraint fails (`taidiiv3`.`finance_paymenttemplatesetting`, CONSTRAINT `finance_paymenttempl_template_id_3ead709d_fk_finance_p` FOREIGN KEY (`template_id`) REFERENCES `finance_paymenttemplate` (`id`))')</status>
</test>
<status status="FAIL" starttime="20211025 15:20:41.923" endtime="20211025 15:20:41.947">Parent suite setup failed:
IntegrityError: (1451, 'Cannot delete or update a parent row: a foreign key constraint fails (`taidiiv3`.`finance_paymenttemplatesetting`, CONSTRAINT `finance_paymenttempl_template_id_3ead709d_fk_finance_p` FOREIGN KEY (`template_id`) REFERENCES `finance_paymenttemplate` (`id`))')</status>
</suite>
<status status="FAIL" starttime="20211025 15:20:41.914" endtime="20211025 15:20:41.965">Parent suite setup failed:
IntegrityError: (1451, 'Cannot delete or update a parent row: a foreign key constraint fails (`taidiiv3`.`finance_paymenttemplatesetting`, CONSTRAINT `finance_paymenttempl_template_id_3ead709d_fk_finance_p` FOREIGN KEY (`template_id`) REFERENCES `finance_paymenttemplate` (`id`))')</status>
</suite>
<status status="FAIL" starttime="20211025 15:20:40.842" endtime="20211025 15:20:41.972">Suite setup failed:
IntegrityError: (1451, 'Cannot delete or update a parent row: a foreign key constraint fails (`taidiiv3`.`finance_paymenttemplatesetting`, CONSTRAINT `finance_paymenttempl_template_id_3ead709d_fk_finance_p` FOREIGN KEY (`template_id`) REFERENCES `finance_paymenttemplate` (`id`))')</status>
</suite>
<statistics>
<total>
<stat pass="0" fail="1">Critical Tests</stat>
<stat pass="0" fail="1">All Tests</stat>
</total>
<tag>
</tag>
<suite>
<stat pass="0" fail="1" id="s1" name="Tc">Tc</stat>
<stat pass="0" fail="1" id="s1-s1" name="Basic">Tc.Basic</stat>
<stat pass="0" fail="1" id="s1-s1-s1" name="Basic Setting">Tc.Basic.Basic Setting</stat>
</suite>
</statistics>
<errors>
</errors>
</robot>
